Sender: LSF System <lsfadmin@b2153>
Subject: Job 4368076: <colord_wgs_8t> in cluster <magiccube3> Done

Job <colord_wgs_8t> was submitted from host <ln01> by user <bio001> in cluster <magiccube3> at Wed Mar 29 21:11:19 2023
Job was executed on host(s) <4*b2153>, in queue <score>, as user <bio001> in cluster <magiccube3> at Wed Mar 29 21:11:21 2023
                            <4*b2112>
</public/home/users/bio001> was used as the home directory.
</public/home/users/bio001/users/alexeyzabelkin/colord-tests> was used as the working directory.
Started at Wed Mar 29 21:11:21 2023
Terminated at Thu Mar 30 00:14:30 2023
Results reported at Thu Mar 30 00:14:30 2023

Your job looked like:

------------------------------------------------------------
# LSBATCH: User input
#!/usr/bin/bash
#BSUB -q score
#BSUB -n 8
#BSUB -J colord_wgs_8t
#BSUB -o colord_wgs_8t.out
#BSUB -e colord_wgs_8t.err
../tools/colord/bin/colord compress-pbraw /public/home/users/bio001/users/yiheng/illumina/SRR13587129_1.fastq data/hg/wgs/SRR13587129_1.fq.pbraw.8t --verbose --threads 8

------------------------------------------------------------

Successfully completed.

Resource usage summary:

    CPU time :                                   74269.69 sec.
    Max Memory :                                 15823 MB
    Average Memory :                             13650.18 MB
    Total Requested Memory :                     -
    Delta Memory :                               -
    Max Swap :                                   -
    Max Processes :                              4
    Max Threads :                                27
    Run time :                                   10992 sec.
    Turnaround time :                            10991 sec.

The output (if any) follows:

Plus id size: 1
Flags size: 9
Numeric size size: 0
Numeric small size: 0
Numeric size: 0
Hexadecimal size: 0
Literal size: 138
Literal same size: 5
Literal same length size: 2
Plain size: 27
Quality quality_binary size  : 0
Quality quality_quad size    : 0
Quality quality_quinary size : 0
Quality quality_original size: 0
Quality quality_byte size    : 0
Read type size: 179
Rev. comp. size: 17
Seen read id size: 3
Symbols size: 432435
Symbols with Ns size: 1126
Read len no. bits size: 1
Read len data size: 71
Read id size: 2227
Read id short size: 3
Tuple type size: 287809
Anchor len size: 7
Skip len local size: 1
Skip len distant size: 212


PS:

Read file <colord_wgs_8t.err> for stderr output of this job.

