Plus id size: 1
Flags size: 9
Numeric size size: 0
Numeric small size: 0
Numeric size: 0
Hexadecimal size: 0
Literal size: 288
Literal same size: 2
Literal same length size: 2
Plain size: 30
Quality quality_binary size  : 0
Quality quality_quad size    : 0
Quality quality_quinary size : 0
Quality quality_original size: 0
Quality quality_byte size    : 0
Read type size: 177
Rev. comp. size: 17
Seen read id size: 3
Symbols size: 432413
Symbols with Ns size: 1126
Read len no. bits size: 1
Read len data size: 71
Read id size: 2042
Read id short size: 3
Tuple type size: 287475
Anchor len size: 7
Skip len local size: 1
Skip len distant size: 212
